<?xml version="1.0" encoding="UTF-8"?>
<!-- Generated by org.testng.reporters.JUnitReportReporter -->
<testsuite hostname="VIVAKs-Air" failures="0" tests="1" name="tests.TestCases" time="59.206" errors="0" timestamp="20 Apr 2021 11:34:45 GMT" skipped="0">
  <testcase classname="tests.TestCases" name="TC3_VerifyAllPages" time="59.206"/>
</testsuite> <!-- tests.TestCases -->
